2024-08-29 00:13:29,773 INFO o.a.j.u.JMeterUtils: Setting Locale to en_EN
2024-08-29 00:13:29,817 INFO o.a.j.JMeter: Loading user properties from: /opt/jmeter/bin/user.properties
2024-08-29 00:13:29,818 INFO o.a.j.JMeter: Loading system properties from: /opt/jmeter/bin/system.properties
2024-08-29 00:13:29,831 INFO o.a.j.JMeter: Copyright (c) 1998-2024 The Apache Software Foundation
2024-08-29 00:13:29,831 INFO o.a.j.JMeter: Version 5.6.3
2024-08-29 00:13:29,831 INFO o.a.j.JMeter: java.version=17.0.12
2024-08-29 00:13:29,832 INFO o.a.j.JMeter: java.vm.name=OpenJDK 64-Bit Server VM
2024-08-29 00:13:29,832 INFO o.a.j.JMeter: os.name=Linux
2024-08-29 00:13:29,832 INFO o.a.j.JMeter: os.arch=amd64
2024-08-29 00:13:29,833 INFO o.a.j.JMeter: os.version=5.15.153.1-microsoft-standard-WSL2
2024-08-29 00:13:29,833 INFO o.a.j.JMeter: file.encoding=UTF-8
2024-08-29 00:13:29,833 INFO o.a.j.JMeter: java.awt.headless=true
2024-08-29 00:13:29,833 INFO o.a.j.JMeter: Max memory     =1073741824
2024-08-29 00:13:29,834 INFO o.a.j.JMeter: Available Processors =4
2024-08-29 00:13:29,859 INFO o.a.j.JMeter: Default Locale=English (EN)
2024-08-29 00:13:29,860 INFO o.a.j.JMeter: JMeter  Locale=English (EN)
2024-08-29 00:13:29,860 INFO o.a.j.JMeter: JMeterHome=/opt/jmeter
2024-08-29 00:13:29,860 INFO o.a.j.JMeter: user.dir  =/home/unixkln/plan_de_pruebas_jmeter
2024-08-29 00:13:29,860 INFO o.a.j.JMeter: PWD       =/home/unixkln/plan_de_pruebas_jmeter
2024-08-29 00:13:29,861 INFO o.a.j.JMeter: IP: 127.0.1.1 Name: DESKTOP-EVVC862 FullName: DESKTOP-EVVC862.
2024-08-29 00:13:29,892 INFO o.a.j.JMeter: Setting property 'jmeter.reportgenerator.outputdir' to:'/home/unixkln/plan_de_pruebas_jmeter/informe_html'
2024-08-29 00:13:29,903 INFO o.a.j.r.d.ReportGenerator: ReportGenerator will use for Parsing the separator: ','
2024-08-29 00:13:29,904 INFO o.a.j.r.d.ReportGenerator: Will only generate report from results file: results.jtl
2024-08-29 00:13:29,904 INFO o.a.j.r.d.ReportGenerator: Reading report generator properties from: /opt/jmeter/bin/reportgenerator.properties
2024-08-29 00:13:29,906 INFO o.a.j.r.d.ReportGenerator: Merging with JMeter properties
2024-08-29 00:13:29,922 INFO o.a.j.r.c.ReportGeneratorConfiguration: Property 'jmeter.reportgenerator.temp_dir' not found, using default value 'temp' instead.
2024-08-29 00:13:29,928 INFO o.a.j.r.c.ReportGeneratorConfiguration: Property 'jmeter.reportgenerator.apdex_per_transaction' not found, using default value 'null' instead.
2024-08-29 00:13:29,944 INFO o.a.j.r.c.ReportGeneratorConfiguration: apdex_per_transaction is empty, not APDEX per transaction customization
2024-08-29 00:13:29,945 INFO o.a.j.r.c.ReportGeneratorConfiguration: Property 'jmeter.reportgenerator.sample_filter' not found, using default value 'null' instead.
2024-08-29 00:13:29,945 INFO o.a.j.r.c.ReportGeneratorConfiguration: Property 'jmeter.reportgenerator.report_title' not found, using default value 'null' instead.
2024-08-29 00:13:29,946 INFO o.a.j.r.c.ReportGeneratorConfiguration: Property 'jmeter.reportgenerator.start_date' not found, using default value 'null' instead.
2024-08-29 00:13:29,946 INFO o.a.j.r.c.ReportGeneratorConfiguration: Property 'jmeter.reportgenerator.end_date' not found, using default value 'null' instead.
2024-08-29 00:13:29,946 INFO o.a.j.r.c.ReportGeneratorConfiguration: Property 'jmeter.reportgenerator.date_format' not found, using default value 'null' instead.
2024-08-29 00:13:29,947 INFO o.a.j.r.c.ReportGeneratorConfiguration: Will use date range start date: null, end date: null
2024-08-29 00:13:29,957 INFO o.a.j.r.c.ReportGeneratorConfiguration: Property 'jmeter.reportgenerator.graph.totalTPS.exclude_controllers' not found, using default value 'false' instead.
2024-08-29 00:13:29,958 INFO o.a.j.r.c.ReportGeneratorConfiguration: Property 'jmeter.reportgenerator.graph.activeThreadsOverTime.exclude_controllers' not found, using default value 'false' instead.
2024-08-29 00:13:29,958 INFO o.a.j.r.c.ReportGeneratorConfiguration: Property 'jmeter.reportgenerator.graph.timeVsThreads.exclude_controllers' not found, using default value 'false' instead.
2024-08-29 00:13:29,959 INFO o.a.j.r.c.ReportGeneratorConfiguration: Property 'jmeter.reportgenerator.graph.responseTimeDistribution.exclude_controllers' not found, using default value 'false' instead.
2024-08-29 00:13:29,959 INFO o.a.j.r.c.ReportGeneratorConfiguration: Property 'jmeter.reportgenerator.graph.transactionsPerSecond.exclude_controllers' not found, using default value 'false' instead.
2024-08-29 00:13:29,959 INFO o.a.j.r.c.ReportGeneratorConfiguration: Property 'jmeter.reportgenerator.graph.responseTimePercentiles.exclude_controllers' not found, using default value 'false' instead.
2024-08-29 00:13:29,960 INFO o.a.j.r.c.ReportGeneratorConfiguration: Property 'jmeter.reportgenerator.graph.responseTimePercentilesOverTime.exclude_controllers' not found, using default value 'false' instead.
2024-08-29 00:13:29,961 INFO o.a.j.r.c.ReportGeneratorConfiguration: Property 'jmeter.reportgenerator.graph.responseTimesOverTime.exclude_controllers' not found, using default value 'false' instead.
2024-08-29 00:13:29,961 INFO o.a.j.r.c.ReportGeneratorConfiguration: Property 'jmeter.reportgenerator.graph.connectTimeOverTime.exclude_controllers' not found, using default value 'false' instead.
2024-08-29 00:13:29,962 INFO o.a.j.r.c.ReportGeneratorConfiguration: Property 'jmeter.reportgenerator.graph.latenciesOverTime.exclude_controllers' not found, using default value 'false' instead.
2024-08-29 00:13:29,963 INFO o.a.j.r.c.ReportGeneratorConfiguration: Property 'jmeter.reportgenerator.exporter.json.filters_only_sample_series' not found, using default value 'true' instead.
2024-08-29 00:13:29,964 INFO o.a.j.r.c.ReportGeneratorConfiguration: Property 'jmeter.reportgenerator.exporter.json.series_filter' not found, using default value '' instead.
2024-08-29 00:13:29,964 INFO o.a.j.r.c.ReportGeneratorConfiguration: Property 'jmeter.reportgenerator.exporter.json.show_controllers_only' not found, using default value 'false' instead.
2024-08-29 00:13:29,965 INFO o.a.j.r.c.ReportGeneratorConfiguration: Property 'jmeter.reportgenerator.exporter.html.filters_only_sample_series' not found, using default value 'true' instead.
2024-08-29 00:13:29,965 INFO o.a.j.r.c.ReportGeneratorConfiguration: Property 'jmeter.reportgenerator.exporter.html.series_filter' not found, using default value '' instead.
2024-08-29 00:13:29,965 INFO o.a.j.r.c.ReportGeneratorConfiguration: Property 'jmeter.reportgenerator.exporter.html.show_controllers_only' not found, using default value 'false' instead.
2024-08-29 00:13:30,674 INFO o.a.j.s.SaveService: Testplan (JMX) version: 2.2. Testlog (JTL) version: 2.2
2024-08-29 00:13:30,747 INFO o.a.j.s.SaveService: Using SaveService properties version 5.0
2024-08-29 00:13:30,755 INFO o.a.j.s.SaveService: Using SaveService properties file encoding UTF-8
2024-08-29 00:13:30,852 INFO o.a.j.r.p.NormalizerSampleConsumer: Using format, 'ms', to parse timeStamp field
2024-08-29 00:13:31,631 INFO o.a.j.r.p.AbstractSampleConsumer: class org.apache.jmeter.report.processor.AggregateConsumer#stopProducing(): beginDate produced 0 samples
2024-08-29 00:13:31,631 INFO o.a.j.r.p.AbstractSampleConsumer: class org.apache.jmeter.report.processor.AggregateConsumer#stopProducing(): endDate produced 0 samples
2024-08-29 00:13:31,635 INFO o.a.j.r.p.AbstractSampleConsumer: class org.apache.jmeter.report.processor.ApdexSummaryConsumer#stopProducing(): apdexSummary produced 0 samples
2024-08-29 00:13:31,635 INFO o.a.j.r.p.AbstractSampleConsumer: class org.apache.jmeter.report.processor.RequestsSummaryConsumer#stopProducing(): requestsSummary produced 0 samples
2024-08-29 00:13:31,656 INFO o.a.j.r.p.AbstractSampleConsumer: class org.apache.jmeter.report.processor.StatisticsSummaryConsumer#stopProducing(): statisticsSummary produced 0 samples
2024-08-29 00:13:31,668 INFO o.a.j.r.p.AbstractSampleConsumer: class org.apache.jmeter.report.processor.Top5ErrorsBySamplerConsumer#stopProducing(): top5ErrorsBySampler produced 0 samples
2024-08-29 00:13:31,669 INFO o.a.j.r.p.AbstractSampleConsumer: class org.apache.jmeter.report.processor.ErrorsSummaryConsumer#stopProducing(): errorsSummary produced 0 samples
2024-08-29 00:13:31,669 INFO o.a.j.r.p.AbstractSampleConsumer: class org.apache.jmeter.report.processor.graph.impl.HitsPerSecondGraphConsumer#stopProducing(): hitsPerSecond produced 0 samples
2024-08-29 00:13:31,829 INFO o.a.j.r.p.AbstractSampleConsumer: class org.apache.jmeter.report.processor.graph.impl.LatencyVSRequestGraphConsumer#stopProducing(): latencyVsRequest produced 0 samples
2024-08-29 00:13:31,832 INFO o.a.j.r.p.AbstractSampleConsumer: class org.apache.jmeter.report.processor.graph.impl.SyntheticResponseTimeDistributionGraphConsumer#stopProducing(): syntheticResponseTimeDistribution produced 0 samples
2024-08-29 00:13:31,846 INFO o.a.j.r.p.AbstractSampleConsumer: class org.apache.jmeter.report.processor.graph.impl.BytesThroughputGraphConsumer#stopProducing(): bytesThroughputOverTime produced 0 samples
2024-08-29 00:13:31,846 INFO o.a.j.r.p.AbstractSampleConsumer: class org.apache.jmeter.report.processor.graph.impl.CodesPerSecondGraphConsumer#stopProducing(): codesPerSecond produced 0 samples
2024-08-29 00:13:32,118 INFO o.a.j.r.p.AbstractSampleConsumer: class org.apache.jmeter.report.processor.graph.impl.ResponseTimeVSRequestGraphConsumer#stopProducing(): responseTimeVsRequest produced 0 samples
2024-08-29 00:13:32,120 INFO o.a.j.r.p.AbstractSampleConsumer: class org.apache.jmeter.report.processor.FilterConsumer#stopProducing(): startIntervalControlerFilter produced 7000 samples
2024-08-29 00:13:32,121 INFO o.a.j.r.p.AbstractSampleConsumer: class org.apache.jmeter.report.processor.graph.impl.TotalTPSGraphConsumer#stopProducing(): totalTPS produced 0 samples
2024-08-29 00:13:32,121 INFO o.a.j.r.p.AbstractSampleConsumer: class org.apache.jmeter.report.processor.graph.impl.ActiveThreadsGraphConsumer#stopProducing(): activeThreadsOverTime produced 0 samples
2024-08-29 00:13:32,122 INFO o.a.j.r.p.AbstractSampleConsumer: class org.apache.jmeter.report.processor.graph.impl.TimeVSThreadGraphConsumer#stopProducing(): timeVsThreads produced 0 samples
2024-08-29 00:13:32,122 INFO o.a.j.r.p.AbstractSampleConsumer: class org.apache.jmeter.report.processor.graph.impl.ResponseTimeDistributionGraphConsumer#stopProducing(): responseTimeDistribution produced 0 samples
2024-08-29 00:13:32,123 INFO o.a.j.r.p.AbstractSampleConsumer: class org.apache.jmeter.report.processor.graph.impl.TransactionsPerSecondGraphConsumer#stopProducing(): transactionsPerSecond produced 0 samples
2024-08-29 00:13:32,123 INFO o.a.j.r.p.AbstractSampleConsumer: class org.apache.jmeter.report.processor.graph.impl.ResponseTimePercentilesGraphConsumer#stopProducing(): responseTimePercentiles produced 0 samples
2024-08-29 00:13:32,126 INFO o.a.j.r.p.AbstractSampleConsumer: class org.apache.jmeter.report.processor.graph.impl.ResponseTimePercentilesOverTimeGraphConsumer#stopProducing(): responseTimePercentilesOverTime produced 0 samples
2024-08-29 00:13:32,128 INFO o.a.j.r.p.AbstractSampleConsumer: class org.apache.jmeter.report.processor.graph.impl.ResponseTimeOverTimeGraphConsumer#stopProducing(): responseTimesOverTime produced 0 samples
2024-08-29 00:13:32,139 INFO o.a.j.r.p.AbstractSampleConsumer: class org.apache.jmeter.report.processor.graph.impl.ConnectTimeOverTimeGraphConsumer#stopProducing(): connectTimeOverTime produced 0 samples
2024-08-29 00:13:32,139 INFO o.a.j.r.p.AbstractSampleConsumer: class org.apache.jmeter.report.processor.graph.impl.LatencyOverTimeGraphConsumer#stopProducing(): latenciesOverTime produced 0 samples
2024-08-29 00:13:32,140 INFO o.a.j.r.p.AbstractSampleConsumer: class org.apache.jmeter.report.processor.FilterConsumer#stopProducing(): nameFilter produced 15000 samples
2024-08-29 00:13:32,140 INFO o.a.j.r.p.AbstractSampleConsumer: class org.apache.jmeter.report.processor.FilterConsumer#stopProducing(): dateRangeFilter produced 3000 samples
2024-08-29 00:13:32,140 INFO o.a.j.r.p.AbstractSampleConsumer: class org.apache.jmeter.report.processor.NormalizerSampleConsumer#stopProducing(): normalizer produced 1000 samples
2024-08-29 00:13:32,141 INFO o.a.j.r.p.CsvFileSampleSource: produce(): 1000 samples produced in 1s 190 ms on channel 0
2024-08-29 00:13:32,141 INFO o.a.j.r.d.ReportGenerator: Exporting data using exporter:'json' of className:'org.apache.jmeter.report.dashboard.JsonExporter'
2024-08-29 00:13:32,765 INFO o.a.j.r.d.JsonExporter: Found data for consumer statisticsSummary in context
2024-08-29 00:13:32,765 INFO o.a.j.r.d.JsonExporter: Creating statistics for overall
2024-08-29 00:13:32,773 INFO o.a.j.r.d.JsonExporter: Creating statistics for other transactions
2024-08-29 00:13:32,775 INFO o.a.j.r.d.JsonExporter: Checking output folder
2024-08-29 00:13:32,780 INFO o.a.j.r.d.JsonExporter: Writing statistics JSON to /home/unixkln/plan_de_pruebas_jmeter/informe_html/statistics.json
2024-08-29 00:13:33,156 INFO o.a.j.r.d.ReportGenerator: Exporting data using exporter:'html' of className:'org.apache.jmeter.report.dashboard.HtmlTemplateExporter'
2024-08-29 00:13:33,172 INFO o.a.j.r.d.HtmlTemplateExporter: Will generate dashboard in folder: /home/unixkln/plan_de_pruebas_jmeter/informe_html
2024-08-29 00:13:35,255 INFO o.a.j.r.d.HtmlTemplateExporter: Report will be generated in: /home/unixkln/plan_de_pruebas_jmeter/informe_html, creating folder structure
2024-08-29 00:13:35,318 INFO o.a.j.r.d.TemplateVisitor: Copying folder from '/opt/jmeter/bin/report-template' to '/home/unixkln/plan_de_pruebas_jmeter/informe_html', got message: /home/unixkln/plan_de_pruebas_jmeter/informe_html, found non empty folder with following content [/home/unixkln/plan_de_pruebas_jmeter/informe_html/statistics.json], will be ignored
